#
# A fatal error has been detected by the Java Runtime Environment:
#
#  SIGSEGV (0xb) at pc=0x00007f17af9ddedc, pid=1957, tid=139739318908672
#
# JRE version: Java(TM) SE Runtime Environment (8.0_45-b14) (build 1.8.0_45-b14)
# Java VM: Java HotSpot(TM) 64-Bit Server VM (25.45-b02 mixed mode linux-amd64 compressed oops)
# Problematic frame:
# V  [libjvm.so+0xa15edc]  Symbol::as_C_string() const+0xc
#
# Failed to write core dump. Core dumps have been disabled. To enable core dumping, try "ulimit -c unlimited" before starting Java again
#
# If you would like to submit a bug report, please visit:
#   http://bugreport.java.com/bugreport/crash.jsp
#

---------------  T H R E A D  ---------------

Current thread (0x00007f17a80b7000):  JavaThread "C1 CompilerThread1" daemon [_thread_in_vm, id=1983, stack(0x00007f179866f000,0x00007f1798770000)]

siginfo: si_signo: 11 (SIGSEGV), si_code: 1 (SEGV_MAPERR), si_addr: 0x0000000000000000

Registers:
RAX=0x0000000100038518, RBX=0x00007f17a801bc80, RCX=0x00007f17aff557e0, RDX=0x0000000000000000
RSP=0x00007f179876e720, RBP=0x00007f179876e730, RSI=0x0000000000000000, RDI=0x0000000000000000
R8 =0x0000000000000004, R9 =0x0000000000000002, R10=0x0000000000000003, R11=0x0000000000000000
R12=0x0000000000000000, R13=0x00007f17a801bd00, R14=0x00007f17a801bcc0, R15=0x00007f17a845b4a0
RIP=0x00007f17af9ddedc, EFLAGS=0x0000000000010246, CSGSFS=0x0000000000000033, ERR=0x0000000000000004
  TRAPNO=0x000000000000000e

Top of Stack: (sp=0x00007f179876e720)
0x00007f179876e720:   00007f17a801bc80 00007f179876ebd0
0x00007f179876e730:   00007f179876e840 00007f17af46abd9
0x00007f179876e740:   0000003000000020 000000029876e850
0x00007f179876e750:   00007f17a80b7000 00000000000003d8
0x00007f179876e760:   00007f17a801c0a8 00007f17a801bd00
0x00007f179876e770:   00007f17acbb6c38 00007f17a801bcc0
0x00007f179876e780:   00007f179876eb20 00007f179876ea18
0x00007f179876e790:   0000000000000000 00007f17affdb9fa
0x00007f179876e7a0:   00007f17a801bd00 00007f17a801c0a8
0x00007f179876e7b0:   00007f17991536d0 00007f17acbb6c38
0x00007f179876e7c0:   00007f179876eb20 0000000000000dea
0x00007f179876e7d0:   0000000000000000 00007f17a801c1e0
0x00007f179876e7e0:   00007f17a806d2a0 00007f17acbb6c38
0x00007f179876e7f0:   00007f17a80b7000 00007f17a845b4a0
0x00007f179876e800:   00007f179876e840 00007f17af4797bf
0x00007f179876e810:   00007f17acbb6c38 00007f17a801c1e0
0x00007f179876e820:   00007f17a806d2a0 00007f17acbb6c38
0x00007f179876e830:   0000000000000000 00007f17a845b4a0
0x00007f179876e840:   00007f179876ec20 00007f17af46fb29
0x00007f179876e850:   0000000000000000 0000000000000000
0x00007f179876e860:   00007f1700000001 00007f17a80511d0
0x00007f179876e870:   0000000000000010 00007f179876ea10
0x00007f179876e880:   00007f17aff30f20 00007f179876eba0
0x00007f179876e890:   00007f179876eb70 00007f17a80b7000
0x00007f179876e8a0:   ffffffff9876e910 0000000200005b75
0x00007f179876e8b0:   00007f177005f6a0 00007f17a801bcc0
0x00007f179876e8c0:   00007f17a801bd00 00007f17a801c0a8
0x00007f179876e8d0:   00007f17a801bc80 00000000000003d8
0x00007f179876e8e0:   00000deaa801bd20 0000000000000000
0x00007f179876e8f0:   0000000000007fe8 0000000000000000
0x00007f179876e900:   00007f17acbb6c38 00007f17a80b7000
0x00007f179876e910:   00007f179876e970 00007f17af2a3e2b 

Instructions: (pc=0x00007f17af9ddedc)
0x00007f17af9ddebc:   48 39 c2 0f 86 32 ff ff ff 0f 1f 00 eb 86 66 0f
0x00007f17af9ddecc:   1f 44 00 00 55 31 f6 48 89 e5 41 54 49 89 fc 53
0x00007f17af9ddedc:   0f b7 1f 8d 7b 01 48 63 ff e8 96 2d f8 ff 49 89
0x00007f17af9ddeec:   c0 41 0f b7 04 24 89 df 39 d8 0f 4e f8 85 ff 74 

Register to memory mapping:

RAX=0x0000000100038518 is pointing into metadata
RBX=0x00007f17a801bc80 is an unknown value
RCX=0x00007f17aff557e0: <offset 0xf8d7e0> in /usr/lib/jvm/java-8-oracle/jre/lib/amd64/server/libjvm.so at 0x00007f17aefc8000
RDX=0x0000000000000000 is an unknown value
RSP=0x00007f179876e720 is pointing into the stack for thread: 0x00007f17a80b7000
RBP=0x00007f179876e730 is pointing into the stack for thread: 0x00007f17a80b7000
RSI=0x0000000000000000 is an unknown value
RDI=0x0000000000000000 is an unknown value
R8 =0x0000000000000004 is an unknown value
R9 =0x0000000000000002 is an unknown value
R10=0x0000000000000003 is an unknown value
R11=0x0000000000000000 is an unknown value
R12=0x0000000000000000 is an unknown value
R13=0x00007f17a801bd00 is an unknown value
R14=0x00007f17a801bcc0 is an unknown value
R15=0x00007f17a845b4a0 is an unknown value


Stack: [0x00007f179866f000,0x00007f1798770000],  sp=0x00007f179876e720,  free space=1021k
Native frames: (J=compiled Java code, j=interpreted, Vv=VM code, C=native code)
V  [libjvm.so+0xa15edc]  Symbol::as_C_string() const+0xc
V  [libjvm.so+0x4a2bd9]  CompileBroker::set_last_compile(CompilerThread*, methodHandle, bool, int)+0x129
V  [libjvm.so+0x4a7b29]  CompileBroker::invoke_compiler_on_method(CompileTask*)+0x389
V  [libjvm.so+0x4a93e6]  CompileBroker::compiler_thread_loop()+0x5d6
V  [libjvm.so+0xa5c86f]  JavaThread::thread_main_inner()+0xdf
V  [libjvm.so+0xa5c99c]  JavaThread::run()+0x11c
V  [libjvm.so+0x910de8]  java_start(Thread*)+0x108
C  [libpthread.so.0+0x80a4]  start_thread+0xc4


Current CompileTask:
C1:  13394 3562       2       <unknown>::size (8 bytes)


---------------  P R O C E S S  ---------------

Java Threads: ( => current thread )
  0x00007f17a913a800 JavaThread "Timer-0" daemon [_thread_blocked, id=1988, stack(0x00007f1792c25000,0x00007f1792d26000)]
  0x00007f17a8b61000 JavaThread "1285463992@qtp-1157199772-1" [_thread_blocked, id=1987, stack(0x00007f1792ed5000,0x00007f1792fd6000)]
  0x00007f17a89e7800 JavaThread "1137989065@qtp-1157199772-0" [_thread_blocked, id=1986, stack(0x00007f1792fd6000,0x00007f17930d7000)]
  0x00007f17a80bb800 JavaThread "Service Thread" daemon [_thread_blocked, id=1984, stack(0x00007f179856e000,0x00007f179866f000)]
=>0x00007f17a80b7000 JavaThread "C1 CompilerThread1" daemon [_thread_in_vm, id=1983, stack(0x00007f179866f000,0x00007f1798770000)]
  0x00007f17a80b4000 JavaThread "C2 CompilerThread0" daemon [_thread_in_native, id=1982, stack(0x00007f1798770000,0x00007f1798871000)]
  0x00007f17a80b2800 JavaThread "Signal Dispatcher" daemon [_thread_blocked, id=1981, stack(0x00007f1798871000,0x00007f1798972000)]
  0x00007f17a807a800 JavaThread "Finalizer" daemon [_thread_blocked, id=1980, stack(0x00007f1798afb000,0x00007f1798bfc000)]
  0x00007f17a8078800 JavaThread "Reference Handler" daemon [_thread_blocked, id=1979, stack(0x00007f1798bfc000,0x00007f1798cfd000)]
  0x00007f17a8009800 JavaThread "main" [_thread_in_vm, id=1975, stack(0x00007f17b0a73000,0x00007f17b0b74000)]

Other Threads:
  0x00007f17a8073800 VMThread [stack: 0x00007f1798cfd000,0x00007f1798dfe000] [id=1978]
  0x00007f17a80be000 WatcherThread [stack: 0x00007f179846d000,0x00007f179856e000] [id=1985]

VM state:not at safepoint (normal execution)

VM Mutex/Monitor currently owned by a thread: None

Heap:
 PSYoungGen      total 121344K, used 12115K [0x00000000ee100000, 0x00000000fa600000, 0x0000000100000000)
  eden space 112640K, 10% used [0x00000000ee100000,0x00000000eecd4e48,0x00000000f4f00000)
  from space 8704K, 0% used [0x00000000f4f00000,0x00000000f4f00000,0x00000000f5780000)
  to   space 10752K, 0% used [0x00000000f9b80000,0x00000000f9b80000,0x00000000fa600000)
 ParOldGen       total 40960K, used 16650K [0x00000000ca200000, 0x00000000cca00000, 0x00000000ee100000)
  object space 40960K, 40% used [0x00000000ca200000,0x00000000cb2429d8,0x00000000cca00000)
 Metaspace       used 21330K, capacity 21990K, committed 22192K, reserved 1069056K
  class space    used 2519K, capacity 2703K, committed 2736K, reserved 1048576K

Card table byte_map: [0x00007f17ad6c2000,0x00007f17ad872000] byte_map_base: 0x00007f17ad071000

Marking Bits: (ParMarkBitMap*) 0x00007f17aff65760
 Begin Bits: [0x00007f178f510000, 0x00007f1790288000)
 End Bits:   [0x00007f1790288000, 0x00007f1791000000)

Polling page: 0x00007f17b0b8d000

CodeCache: size=245760Kb used=9643Kb max_used=9715Kb free=236116Kb
 bounds [0x00007f1799000000, 0x00007f17999a0000, 0x00007f17a8000000]
 total_blobs=3623 nmethods=3259 adapters=278
 compilation: enabled

Compilation events (10 events):
Event: 13,356 Thread 0x00007f17a80b7000 nmethod 3556 0x00007f1799155810 code [0x00007f17991559c0, 0x00007f1799155d38]
Event: 13,356 Thread 0x00007f17a80b7000 3557       2       com.sun.beans.TypeResolver::resolve (37 bytes)
Event: 13,357 Thread 0x00007f17a80b7000 nmethod 3557 0x00007f17991551d0 code [0x00007f1799155340, 0x00007f1799155668]
Event: 13,361 Thread 0x00007f17a80b7000 3558       2       java.beans.FeatureDescriptor::getParameterTypes (21 bytes)
Event: 13,364 Thread 0x00007f17a80b7000 nmethod 3558 0x00007f1799154390 code [0x00007f1799154580, 0x00007f1799154b68]
Event: 13,366 Thread 0x00007f17a80b7000 3560       2       org.apache.commons.beanutils.expression.DefaultResolver::next (123 bytes)
Event: 13,368 Thread 0x00007f17a80b7000 nmethod 3560 0x00007f1799153b10 code [0x00007f1799153cc0, 0x00007f17991540b8]
Event: 13,369 Thread 0x00007f17a80b7000 3561       2       org.apache.shiro.util.StringUtils::clean (24 bytes)
Event: 13,370 Thread 0x00007f17a80b7000 nmethod 3561 0x00007f17991536d0 code [0x00007f1799153840, 0x00007f17991539f8]
Event: 13,377 Thread 0x00007f17a80b7000 3562       2       <unknown>::size (8 bytes)

GC Heap History (10 events):
Event: 6,871 GC heap before
{Heap before GC invocations=6 (full 0):
 PSYoungGen      total 30720K, used 30720K [0x00000000ee100000, 0x00000000f2400000, 0x0000000100000000)
  eden space 28672K, 100% used [0x00000000ee100000,0x00000000efd00000,0x00000000efd00000)
  from space 2048K, 100% used [0x00000000efd00000,0x00000000eff00000,0x00000000eff00000)
  to   space 5632K, 0% used [0x00000000f1e80000,0x00000000f1e80000,0x00000000f2400000)
 ParOldGen       total 36864K, used 8036K [0x00000000ca200000, 0x00000000cc600000, 0x00000000ee100000)
  object space 36864K, 21% used [0x00000000ca200000,0x00000000ca9d9250,0x00000000cc600000)
 Metaspace       used 14447K, capacity 14750K, committed 14848K, reserved 1062912K
  class space    used 1707K, capacity 1777K, committed 1792K, reserved 1048576K
Event: 6,897 GC heap after
Heap after GC invocations=6 (full 0):
 PSYoungGen      total 62976K, used 4206K [0x00000000ee100000, 0x00000000f2400000, 0x0000000100000000)
  eden space 57344K, 0% used [0x00000000ee100000,0x00000000ee100000,0x00000000f1900000)
  from space 5632K, 74% used [0x00000000f1e80000,0x00000000f229b9b0,0x00000000f2400000)
  to   space 5632K, 0% used [0x00000000f1900000,0x00000000f1900000,0x00000000f1e80000)
 ParOldGen       total 36864K, used 8036K [0x00000000ca200000, 0x00000000cc600000, 0x00000000ee100000)
  object space 36864K, 21% used [0x00000000ca200000,0x00000000ca9d9250,0x00000000cc600000)
 Metaspace       used 14447K, capacity 14750K, committed 14848K, reserved 1062912K
  class space    used 1707K, capacity 1777K, committed 1792K, reserved 1048576K
}
Event: 8,295 GC heap before
{Heap before GC invocations=7 (full 0):
 PSYoungGen      total 62976K, used 61550K [0x00000000ee100000, 0x00000000f2400000, 0x0000000100000000)
  eden space 57344K, 100% used [0x00000000ee100000,0x00000000f1900000,0x00000000f1900000)
  from space 5632K, 74% used [0x00000000f1e80000,0x00000000f229b9b0,0x00000000f2400000)
  to   space 5632K, 0% used [0x00000000f1900000,0x00000000f1900000,0x00000000f1e80000)
 ParOldGen       total 36864K, used 8036K [0x00000000ca200000, 0x00000000cc600000, 0x00000000ee100000)
  object space 36864K, 21% used [0x00000000ca200000,0x00000000ca9d9250,0x00000000cc600000)
 Metaspace       used 14864K, capacity 15150K, committed 15488K, reserved 1062912K
  class space    used 1729K, capacity 1817K, committed 1920K, reserved 1048576K
Event: 8,328 GC heap after
Heap after GC invocations=7 (full 0):
 PSYoungGen      total 62976K, used 5632K [0x00000000ee100000, 0x00000000f5e00000, 0x0000000100000000)
  eden space 57344K, 0% used [0x00000000ee100000,0x00000000ee100000,0x00000000f1900000)
  from space 5632K, 100% used [0x00000000f1900000,0x00000000f1e80000,0x00000000f1e80000)
  to   space 6656K, 0% used [0x00000000f5780000,0x00000000f5780000,0x00000000f5e00000)
 ParOldGen       total 36864K, used 8838K [0x00000000ca200000, 0x00000000cc600000, 0x00000000ee100000)
  object space 36864K, 23% used [0x00000000ca200000,0x00000000caaa1a18,0x00000000cc600000)
 Metaspace       used 14864K, capacity 15150K, committed 15488K, reserved 1062912K
  class space    used 1729K, capacity 1817K, committed 1920K, reserved 1048576K
}
Event: 9,881 GC heap before
{Heap before GC invocations=8 (full 0):
 PSYoungGen      total 62976K, used 62976K [0x00000000ee100000, 0x00000000f5e00000, 0x0000000100000000)
  eden space 57344K, 100% used [0x00000000ee100000,0x00000000f1900000,0x00000000f1900000)
  from space 5632K, 100% used [0x00000000f1900000,0x00000000f1e80000,0x00000000f1e80000)
  to   space 6656K, 0% used [0x00000000f5780000,0x00000000f5780000,0x00000000f5e00000)
 ParOldGen       total 36864K, used 8838K [0x00000000ca200000, 0x00000000cc600000, 0x00000000ee100000)
  object space 36864K, 23% used [0x00000000ca200000,0x00000000caaa1a18,0x00000000cc600000)
 Metaspace       used 16106K, capacity 16672K, committed 16896K, reserved 1064960K
  class space    used 1849K, capacity 1979K, committed 2048K, reserved 1048576K
Event: 9,952 GC heap after
Heap after GC invocations=8 (full 0):
 PSYoungGen      total 119296K, used 6640K [0x00000000ee100000, 0x00000000f6200000, 0x0000000100000000)
  eden space 112640K, 0% used [0x00000000ee100000,0x00000000ee100000,0x00000000f4f00000)
  from space 6656K, 99% used [0x00000000f5780000,0x00000000f5dfc010,0x00000000f5e00000)
  to   space 8704K, 0% used [0x00000000f4f00000,0x00000000f4f00000,0x00000000f5780000)
 ParOldGen       total 36864K, used 10948K [0x00000000ca200000, 0x00000000cc600000, 0x00000000ee100000)
  object space 36864K, 29% used [0x00000000ca200000,0x00000000cacb1078,0x00000000cc600000)
 Metaspace       used 16106K, capacity 16672K, committed 16896K, reserved 1064960K
  class space    used 1849K, capacity 1979K, committed 2048K, reserved 1048576K
}
Event: 12,653 GC heap before
{Heap before GC invocations=9 (full 0):
 PSYoungGen      total 119296K, used 69618K [0x00000000ee100000, 0x00000000f6200000, 0x0000000100000000)
  eden space 112640K, 55% used [0x00000000ee100000,0x00000000f1e80ac0,0x00000000f4f00000)
  from space 6656K, 99% used [0x00000000f5780000,0x00000000f5dfc010,0x00000000f5e00000)
  to   space 8704K, 0% used [0x00000000f4f00000,0x00000000f4f00000,0x00000000f5780000)
 ParOldGen       total 36864K, used 10948K [0x00000000ca200000, 0x00000000cc600000, 0x00000000ee100000)
  object space 36864K, 29% used [0x00000000ca200000,0x00000000cacb1078,0x00000000cc600000)
 Metaspace       used 20603K, capacity 21216K, committed 21296K, reserved 1069056K
  class space    used 2421K, capacity 2574K, committed 2608K, reserved 1048576K
Event: 12,697 GC heap after
Heap after GC invocations=9 (full 0):
 PSYoungGen      total 121344K, used 8697K [0x00000000ee100000, 0x00000000fa600000, 0x0000000100000000)
  eden space 112640K, 0% used [0x00000000ee100000,0x00000000ee100000,0x00000000f4f00000)
  from space 8704K, 99% used [0x00000000f4f00000,0x00000000f577e550,0x00000000f5780000)
  to   space 10752K, 0% used [0x00000000f9b80000,0x00000000f9b80000,0x00000000fa600000)
 ParOldGen       total 36864K, used 13872K [0x00000000ca200000, 0x00000000cc600000, 0x00000000ee100000)
  object space 36864K, 37% used [0x00000000ca200000,0x00000000caf8c048,0x00000000cc600000)
 Metaspace       used 20603K, capacity 21216K, committed 21296K, reserved 1069056K
  class space    used 2421K, capacity 2574K, committed 2608K, reserved 1048576K
}
Event: 12,697 GC heap before
{Heap before GC invocations=10 (full 1):
 PSYoungGen      total 121344K, used 8697K [0x00000000ee100000, 0x00000000fa600000, 0x0000000100000000)
  eden space 112640K, 0% used [0x00000000ee100000,0x00000000ee100000,0x00000000f4f00000)
  from space 8704K, 99% used [0x00000000f4f00000,0x00000000f577e550,0x00000000f5780000)
  to   space 10752K, 0% used [0x00000000f9b80000,0x00000000f9b80000,0x00000000fa600000)
 ParOldGen       total 36864K, used 13872K [0x00000000ca200000, 0x00000000cc600000, 0x00000000ee100000)
  object space 36864K, 37% used [0x00000000ca200000,0x00000000caf8c048,0x00000000cc600000)
 Metaspace       used 20603K, capacity 21216K, committed 21296K, reserved 1069056K
  class space    used 2421K, capacity 2574K, committed 2608K, reserved 1048576K
Event: 12,910 GC heap after
Heap after GC invocations=10 (full 1):
 PSYoungGen      total 121344K, used 0K [0x00000000ee100000, 0x00000000fa600000, 0x0000000100000000)
  eden space 112640K, 0% used [0x00000000ee100000,0x00000000ee100000,0x00000000f4f00000)
  from space 8704K, 0% used [0x00000000f4f00000,0x00000000f4f00000,0x00000000f5780000)
  to   space 10752K, 0% used [0x00000000f9b80000,0x00000000f9b80000,0x00000000fa600000)
 ParOldGen       total 40960K, used 16650K [0x00000000ca200000, 0x00000000cca00000, 0x00000000ee100000)
  object space 40960K, 40% used [0x00000000ca200000,0x00000000cb2429d8,0x00000000cca00000)
 Metaspace       used 20603K, capacity 21216K, committed 21296K, reserved 1069056K
  class space    used 2421K, capacity 2574K, committed 2608K, reserved 1048576K
}

Deoptimization events (10 events):
Event: 12,311 Thread 0x00007f17a8009800 Uncommon trap: reason=bimorphic action=maybe_recompile pc=0x00007f17996765a4 method=java.lang.Character.codePointAt(Ljava/lang/CharSequence;I)I @ 2
Event: 12,311 Thread 0x00007f17a8009800 Uncommon trap: reason=bimorphic action=maybe_recompile pc=0x00007f1799776f44 method=java.util.regex.Pattern$5.isSatisfiedBy(I)Z @ 5
Event: 12,311 Thread 0x00007f17a8009800 Uncommon trap: reason=bimorphic action=maybe_recompile pc=0x00007f17996bbbfc method=java.util.regex.Matcher.getTextLength()I @ 4
Event: 12,311 Thread 0x00007f17a8009800 Uncommon trap: reason=bimorphic action=maybe_recompile pc=0x00007f17996765a4 method=java.lang.Character.codePointAt(Ljava/lang/CharSequence;I)I @ 2
Event: 12,311 Thread 0x00007f17a8009800 Uncommon trap: reason=bimorphic action=maybe_recompile pc=0x00007f1799678e84 method=java.lang.Character.codePointAt(Ljava/lang/CharSequence;I)I @ 2
Event: 12,311 Thread 0x00007f17a8009800 Uncommon trap: reason=bimorphic action=maybe_recompile pc=0x00007f1799776f44 method=java.util.regex.Pattern$5.isSatisfiedBy(I)Z @ 5
Event: 12,312 Thread 0x00007f17a8009800 Uncommon trap: reason=bimorphic action=maybe_recompile pc=0x00007f1799776f44 method=java.util.regex.Pattern$5.isSatisfiedBy(I)Z @ 5
Event: 12,312 Thread 0x00007f17a8009800 Uncommon trap: reason=bimorphic action=maybe_recompile pc=0x00007f1799776f44 method=java.util.regex.Pattern$5.isSatisfiedBy(I)Z @ 5
Event: 12,329 Thread 0x00007f17a8009800 Uncommon trap: reason=unstable_if action=reinterpret pc=0x00007f179931b360 method=java.lang.CharacterDataLatin1.isWhitespace(I)Z @ 14
Event: 13,045 Thread 0x00007f17a8009800 Uncommon trap: reason=unstable_if action=reinterpret pc=0x00007f1799563408 method=java.lang.reflect.Field.get(Ljava/lang/Object;)Ljava/lang/Object; @ 4

Internal exceptions (10 events):
Event: 13,302 Thread 0x00007f17a8009800 Exception <a 'java/lang/ClassNotFoundException': org/apache/shiro/mgt/AuthenticatingSecurityManagerBeanInfo> (0x00000000ee96f268) thrown at [/RE-WORK/workspace/8-2-build-linux-amd64/jdk8u45/3457/hotspot/src/share/vm/classfile/systemDictionary.cpp, line 21
Event: 13,305 Thread 0x00007f17a8009800 Exception <a 'java/lang/ClassNotFoundException': org/apache/shiro/mgt/RealmSecurityManagerBeanInfo> (0x00000000ee98ff90) thrown at [/RE-WORK/workspace/8-2-build-linux-amd64/jdk8u45/3457/hotspot/src/share/vm/classfile/systemDictionary.cpp, line 210]
Event: 13,307 Thread 0x00007f17a8009800 Exception <a 'java/lang/ClassNotFoundException': org/apache/shiro/mgt/CachingSecurityManagerBeanInfo> (0x00000000ee9b2b28) thrown at [/RE-WORK/workspace/8-2-build-linux-amd64/jdk8u45/3457/hotspot/src/share/vm/classfile/systemDictionary.cpp, line 210]
Event: 13,310 Thread 0x00007f17a8009800 Exception <a 'java/lang/ClassNotFoundException': org/apache/shiro/mgt/CachingSecurityManagerCustomizer> (0x00000000ee9d60a8) thrown at [/RE-WORK/workspace/8-2-build-linux-amd64/jdk8u45/3457/hotspot/src/share/vm/classfile/systemDictionary.cpp, line 210]
Event: 13,322 Thread 0x00007f17a8009800 Exception <a 'java/lang/ClassNotFoundException': org/apache/shiro/mgt/RealmSecurityManagerCustomizer> (0x00000000ee9fdcd8) thrown at [/RE-WORK/workspace/8-2-build-linux-amd64/jdk8u45/3457/hotspot/src/share/vm/classfile/systemDictionary.cpp, line 210]
Event: 13,330 Thread 0x00007f17a8009800 Exception <a 'java/lang/ClassNotFoundException': org/apache/shiro/mgt/AuthenticatingSecurityManagerCustomizer> (0x00000000eea2b388) thrown at [/RE-WORK/workspace/8-2-build-linux-amd64/jdk8u45/3457/hotspot/src/share/vm/classfile/systemDictionary.cpp, line 
Event: 13,334 Thread 0x00007f17a8009800 Exception <a 'java/lang/ClassNotFoundException': org/apache/shiro/mgt/AuthorizingSecurityManagerCustomizer> (0x00000000eea56428) thrown at [/RE-WORK/workspace/8-2-build-linux-amd64/jdk8u45/3457/hotspot/src/share/vm/classfile/systemDictionary.cpp, line 210
Event: 13,346 Thread 0x00007f17a8009800 Exception <a 'java/lang/ClassNotFoundException': org/apache/shiro/mgt/SessionsSecurityManagerCustomizer> (0x00000000eea92518) thrown at [/RE-WORK/workspace/8-2-build-linux-amd64/jdk8u45/3457/hotspot/src/share/vm/classfile/systemDictionary.cpp, line 210]
Event: 13,353 Thread 0x00007f17a8009800 Exception <a 'java/lang/ClassNotFoundException': org/apache/shiro/mgt/DefaultSecurityManagerCustomizer> (0x00000000eeabee78) thrown at [/RE-WORK/workspace/8-2-build-linux-amd64/jdk8u45/3457/hotspot/src/share/vm/classfile/systemDictionary.cpp, line 210]
Event: 13,360 Thread 0x00007f17a8009800 Exception <a 'java/lang/ClassNotFoundException': org/apache/shiro/web/mgt/DefaultWebSecurityManagerCustomizer> (0x00000000eeaf2ac8) thrown at [/RE-WORK/workspace/8-2-build-linux-amd64/jdk8u45/3457/hotspot/src/share/vm/classfile/systemDictionary.cpp, line 

Events (10 events):
Event: 13,359 loading class org/apache/shiro/web/mgt/DefaultWebSecurityManagerCustomizer
Event: 13,359 loading class org/apache/shiro/web/mgt/DefaultWebSecurityManagerCustomizer done
Event: 13,360 loading class org/apache/shiro/web/mgt/DefaultWebSecurityManagerCustomizer
Event: 13,360 loading class org/apache/shiro/web/mgt/DefaultWebSecurityManagerCustomizer done
Event: 13,360 loading class org/apache/shiro/web/mgt/DefaultWebSecurityManagerCustomizer
Event: 13,360 loading class org/apache/shiro/web/mgt/DefaultWebSecurityManagerCustomizer done
Event: 13,360 loading class org/apache/shiro/web/mgt/DefaultWebSecurityManagerCustomizer
Event: 13,360 loading class org/apache/shiro/web/mgt/DefaultWebSecurityManagerCustomizer done
Event: 13,360 loading class org/apache/shiro/web/mgt/DefaultWebSecurityManagerCustomizer
Event: 13,360 loading class org/apache/shiro/web/mgt/DefaultWebSecurityManagerCustomizer done


Dynamic libraries:
00400000-00401000 r-xp 00000000 08:01 289156                             /usr/lib/jvm/java-8-oracle/bin/java
00600000-00601000 rw-p 00000000 08:01 289156                             /usr/lib/jvm/java-8-oracle/bin/java
01323000-01344000 rw-p 00000000 00:00 0                                  [heap]
ca200000-cca00000 rw-p 00000000 00:00 0 
cca00000-ee100000 ---p 00000000 00:00 0 
ee100000-fa600000 rw-p 00000000 00:00 0 
fa600000-100000000 ---p 00000000 00:00 0 
100000000-1002ac000 rw-p 00000000 00:00 0 
1002ac000-140000000 ---p 00000000 00:00 0 
7f1758000000-7f1758021000 rw-p 00000000 00:00 0 
7f1758021000-7f175c000000 ---p 00000000 00:00 0 
7f1760000000-7f1760021000 rw-p 00000000 00:00 0 
7f1760021000-7f1764000000 ---p 00000000 00:00 0 
7f1764000000-7f1764021000 rw-p 00000000 00:00 0 
7f1764021000-7f1768000000 ---p 00000000 00:00 0 
7f1768000000-7f1768021000 rw-p 00000000 00:00 0 
7f1768021000-7f176c000000 ---p 00000000 00:00 0 
7f176c000000-7f176c021000 rw-p 00000000 00:00 0 
7f176c021000-7f1770000000 ---p 00000000 00:00 0 
7f1770000000-7f1771269000 rw-p 00000000 00:00 0 
7f1771269000-7f1774000000 ---p 00000000 00:00 0 
7f1774000000-7f1774c67000 rw-p 00000000 00:00 0 
7f1774c67000-7f1778000000 ---p 00000000 00:00 0 
7f1778000000-7f1778021000 rw-p 00000000 00:00 0 
7f1778021000-7f177c000000 ---p 00000000 00:00 0 
7f177c000000-7f177c021000 rw-p 00000000 00:00 0 
7f177c021000-7f1780000000 ---p 00000000 00:00 0 
7f1780000000-7f1780044000 rw-p 00000000 00:00 0 
7f1780044000-7f1784000000 ---p 00000000 00:00 0 
7f1784000000-7f1784021000 rw-p 00000000 00:00 0 
7f1784021000-7f1788000000 ---p 00000000 00:00 0 
7f1788000000-7f1788021000 rw-p 00000000 00:00 0 
7f1788021000-7f178c000000 ---p 00000000 00:00 0 
7f178f510000-7f1791000000 rw-p 00000000 00:00 0 
7f1792a23000-7f1792b25000 rw-p 00000000 00:00 0 
7f1792b25000-7f1792c25000 ---p 00000000 00:00 0 
7f1792c25000-7f1792c28000 ---p 00000000 00:00 0 
7f1792c28000-7f1792d26000 rw-p 00000000 00:00 0                          [stack:1988]
7f1792d26000-7f1792d2e000 r--s 00045000 08:06 25167345                   /home/niko/.m2/repository/junit/junit/4.12/junit-4.12.jar
7f1792d2e000-7f1792d30000 r--s 00012000 08:06 25297557                   /home/niko/.m2/repository/org/lazyluke/log4jdbc-remix/0.2.7/log4jdbc-remix-0.2.7.jar
7f1792d30000-7f1792d36000 r--s 0007e000 08:06 26611227                   /home/niko/.m2/repository/postgresql/postgresql/9.1-901.jdbc4/postgresql-9.1-901.jdbc4.jar
7f1792d36000-7f1792d39000 r--s 0000f000 08:06 25297551                   /home/niko/.m2/repository/org/apache/geronimo/specs/geronimo-servlet_2.5_spec/1.2/geronimo-servlet_2.5_spec-1.2.jar
7f1792d39000-7f1792d3b000 r--s 00010000 08:06 25297548                   /home/niko/.m2/repository/org/apache/geronimo/specs/geronimo-jsp_2.1_spec/1.0.1/geronimo-jsp_2.1_spec-1.0.1.jar
7f1792d3b000-7f1792d3c000 r--s 00005000 08:06 25297539                   /home/niko/.m2/repository/org/apache/isis/core/isis-core-webserver/1.8.0/isis-core-webserver-1.8.0.jar
7f1792d3c000-7f1792d3e000 r--s 00002000 08:06 25297536                   /home/niko/.m2/repository/org/apache/isis/core/isis-core-security/1.8.0/isis-core-security-1.8.0.jar
7f1792d3e000-7f1792d41000 r--s 00009000 08:06 25167366                   /home/niko/.m2/repository/org/objenesis/objenesis/1.4/objenesis-1.4.jar
7f1792d41000-7f1792d43000 r--s 0000d000 08:06 25297533                   /home/niko/.m2/repository/org/apache/isis/core/isis-core-wrapper/1.8.0/isis-core-wrapper-1.8.0.jar
7f1792d43000-7f1792d45000 r--s 0000f000 08:06 25297530                   /home/niko/.m2/repository/javax/activation/activation/1.1.1/activation-1.1.1.jar
7f1792d45000-7f1792d4d000 r--s 00078000 08:06 25297527                   /home/niko/.m2/repository/javax/mail/mail/1.4.7/mail-1.4.7.jar
7f1792d4d000-7f1792d4f000 r--s 0000b000 08:06 25167634                   /home/niko/.m2/repository/org/apache/commons/commons-email/1.3.3/commons-email-1.3.3.jar
7f1792d4f000-7f1792d59000 r--s 000a5000 08:06 25167357                   /home/niko/.m2/repository/org/javassist/javassist/3.18.1-GA/javassist-3.18.1-GA.jar
7f1792d59000-7f1792d5d000 r--s 0000f000 08:06 25167363                   /home/niko/.m2/repository/com/google/code/findbugs/annotations/2.0.1/annotations-2.0.1.jar
7f1792d5d000-7f1792d60000 r--s 00020000 08:06 25167360                   /home/niko/.m2/repository/org/reflections/reflections/0.9.9/reflections-0.9.9.jar
7f1792d60000-7f1792d69000 r--s 0006f000 08:06 25167631                   /home/niko/.m2/repository/log4j/log4j/1.2.17/log4j-1.2.17.jar
7f1792d69000-7f1792d6b000 r--s 00001000 08:06 25167628                   /home/niko/.m2/repository/org/slf4j/slf4j-log4j12/1.7.10/slf4j-log4j12-1.7.10.jar
7f1792d6b000-7f1792d6d000 r--s 00008000 08:06 25167326                   /home/niko/.m2/repository/org/datanucleus/datanucleus-jodatime/3.2.1/datanucleus-jodatime-3.2.1.jar
7f1792d6d000-7f1792d84000 r--s 001a5000 08:06 25167323                   /home/niko/.m2/repository/org/datanucleus/datanucleus-rdbms/3.2.10/datanucleus-rdbms-3.2.10.jar
7f1792d84000-7f1792d85000 r--s 00003000 08:06 25167320                   /home/niko/.m2/repository/org/datanucleus/datanucleus-jdo-query/3.0.2/datanucleus-jdo-query-3.0.2.jar
7f1792d85000-7f1792d8a000 r--s 00051000 08:06 25167317                   /home/niko/.m2/repository/org/datanucleus/datanucleus-api-jdo/3.2.7/datanucleus-api-jdo-3.2.7.jar
7f1792d8a000-7f1792da2000 r--s 001b6000 08:06 25167314                   /home/niko/.m2/repository/org/datanucleus/datanucleus-core/3.2.11/datanucleus-core-3.2.11.jar
7f1792da2000-7f1792da3000 r--s 00003000 08:06 25167311                   /home/niko/.m2/repository/javax/transaction/transaction-api/1.1/transaction-api-1.1.jar
7f1792da3000-7f1792da9000 r--s 00031000 08:06 25167308                   /home/niko/.m2/repository/javax/jdo/jdo-api/3.1-rc1/jdo-api-3.1-rc1.jar
7f1792da9000-7f1792dae000 r--s 00016000 08:06 25167625                   /home/niko/.m2/repository/xml-apis/xml-apis/1.0.b2/xml-apis-1.0.b2.jar
7f1792dae000-7f1792db3000 r--s 00048000 08:06 25167622                   /home/niko/.m2/repository/dom4j/dom4j/1.6.1/dom4j-1.6.1.jar
7f1792db3000-7f1792db8000 r--s 0002f000 08:06 25167619                   /home/niko/.m2/repository/com/google/code/gson/gson/2.3.1/gson-2.3.1.jar
7f1792db8000-7f1792dba000 r--s 00000000 08:06 25167616                   /home/niko/.m2/repository/aopalliance/aopalliance/1.0/aopalliance-1.0.jar
7f1792dba000-7f1792dbb000 r--s 00000000 08:06 25167613                   /home/niko/.m2/repository/javax/inject/javax.inject/1/javax.inject-1.jar
7f1792dbb000-7f1792dca000 r--s 0009f000 08:06 25167610                   /home/niko/.m2/repository/com/google/inject/guice/3.0/guice-3.0.jar
7f1792dca000-7f1792dcc000 r--s 00009000 08:06 25167607                   /home/niko/.m2/repository/commons-cli/commons-cli/1.2/commons-cli-1.2.jar
7f1792dcc000-7f1792dd3000 r--s 0003a000 08:06 25167604                   /home/niko/.m2/repository/commons-codec/commons-codec/1.9/commons-codec-1.9.jar
7f1792dd3000-7f1792e16000 r--s 001da000 08:06 25167601                   /home/niko/.m2/repository/org/apache/isis/core/isis-core-metamodel/1.8.0/isis-core-metamodel-1.8.0.jar
7f1792e16000-7f1792e17000 r--s 00007000 08:06 25167598                   /home/niko/.m2/repository/org/apache/isis/core/isis-core-log4j/1.8.0/isis-core-log4j-1.8.0.jar
7f1792e17000-7f1792e26000 r--s 000bd000 08:06 25167595                   /home/niko/.m2/repository/org/apache/isis/core/isis-core-runtime/1.8.0/isis-core-runtime-1.8.0.jar
7f1792e26000-7f1792e29000 r--s 00020000 08:06 25297524                   /home/niko/.m2/repository/org/apache/shiro/shiro-web/1.2.3/shiro-web-1.2.3.jar
7f1792e29000-7f1792e2e000 r--s 00034000 08:06 25297521                   /home/niko/.m2/repository/commons-beanutils/commons-beanutils/1.8.3/commons-beanutils-1.8.3.jar
7f1792e2e000-7f1792e37000 r--s 00051000 08:06 25297518                   /home/niko/.m2/repository/org/apache/shiro/shiro-core/1.2.3/shiro-core-1.2.3.jar
7f1792e37000-7f1792e39000 r--s 00006000 08:06 25297515                   /home/niko/.m2/repository/org/apache/isis/core/isis-core-security-shiro/1.8.0/isis-core-security-shiro-1.8.0.jar
7f1792e39000-7f1792e3b000 r--s 0000a000 08:06 25297512                   /home/niko/.m2/repository/org/apache/geronimo/specs/geronimo-activation_1.1_spec/1.1/geronimo-activation_1.1_spec-1.1.jar
7f1792e3b000-7f1792e3d000 r--s 00002000 08:06 25297509                   /home/niko/.m2/repository/org/apache/geronimo/specs/geronimo-annotation_1.0_spec/1.1.1/geronimo-annotation_1.0_spec-1.1.1.jar
7f1792e3d000-7f1792e3f000 r--s 00008000 08:06 25297506                   /home/niko/.m2/repository/com/fasterxml/jackson/core/jackson-annotations/2.5.0/jackson-annotations-2.5.0.jar
7f1792e3f000-7f1792e41000 r--s 0000e000 08:06 25297503                   /home/niko/.m2/repository/commons-logging/commons-logging/1.1.2/commons-logging-1.1.2.jar
7f1792e41000-7f1792e42000 r--s 00000000 08:06 25297500                   /home/niko/.m2/repository/net/jcip/jcip-annotations/1.0/jcip-annotations-1.0.jar
7f1792e42000-7f1792e45000 r--s 00025000 08:06 25297497                   /home/niko/.m2/repository/commons-io/commons-io/2.1/commons-io-2.1.jar
7f1792e45000-7f1792e4b000 r--s 00032000 08:06 25297494                   /home/niko/.m2/repository/org/apache/httpcomponents/httpcore/4.2.5/httpcore-4.2.5.jar
7f1792e4b000-7f1792e55000 r--s 00061000 08:06 25297491                   /home/niko/.m2/repository/org/apache/httpcomponents/httpclient/4.2.6/httpclient-4.2.6.jar
7f1792e55000-7f1792e56000 r--s 00004000 08:06 25297488                   /home/niko/.m2/repository/org/jboss/spec/javax/annotation/jboss-annotations-api_1.1_spec/1.0.1.Final/jboss-annotations-api_1.1_spec-1.0.1.Final.jar
7f1792e56000-7f1792e5a000 r--s 00017000 08:06 25297485                   /home/niko/.m2/repository/org/jboss/resteasy/jaxrs-api/3.0.10.Final/jaxrs-api-3.0.10.Final.jar
7f1792e5a000-7f1792e6b000 r--s 000ba000 08:06 25297482                   /home/niko/.m2/repository/org/jboss/resteasy/resteasy-jaxrs/3.0.10.Final/resteasy-jaxrs-3.0.10.Final.jar
7f1792e6b000-7f1792e71000 r--s 00043000 08:06 25297479                   /home/niko/.m2/repository/org/jdom/jdom/2.0.2/jdom-2.0.2.jar
7f1792e71000-7f1792e76000 r--s 0001d000 08:06 25297476                   /home/niko/.m2/repository/org/apache/isis/core/isis-core-viewer-restfulobjects-applib/1.8.0/isis-core-viewer-restfulobjects-applib-1.8.0.jar
7f1792e76000-7f1792e7a000 r--s 00021000 08:06 25297473                   /home/niko/.m2/repository/org/apache/isis/core/isis-core-viewer-restfulobjects-rendering/1.8.0/isis-core-viewer-restfulobjects-rendering-1.8.0.jar
7f1792e7a000-7f1792e7d000 r--s 00012000 08:06 25297470                   /home/niko/.m2/repository/org/apache/isis/core/isis-core-viewer-restfulobjects-server/1.8.0/isis-core-viewer-restfulobjects-server-1.8.0.jar
7f1792e7d000-7f1792e7e000 r--s 00007000 08:06 25167339                   /home/niko/.m2/repository/org/slf4j/slf4j-api/1.7.10/slf4j-api-1.7.10.jar
7f1792e7e000-7f1792e80000 r--s 00009000 08:06 25167336                   /home/niko/.m2/repository/org/hamcrest/hamcrest-core/1.3/hamcrest-core-1.3.jar
7f1792e80000-7f1792e81000 r--s 0000c000 08:06 25167333                   /home/niko/.m2/repository/org/hamcrest/hamcrest-library/1.3/hamcrest-library-1.3.jar
7f1792e81000-7f1792e82000 r--s 00001000 08:06 25297467                   /home/niko/.m2/repository/de/agilecoders/maven/maven-parent-config/0.3.5/maven-parent-config-0.3.5.jar
7f1792e82000-7f1792e89000 r--s 0005e000 08:06 25297464                   /home/niko/.m2/repository/org/apache/commons/commons-lang3/3.3.2/commons-lang3-3.3.2.jar
7f1792e89000-7f1792e8c000 r--s 00042000 08:06 25297458                   /home/niko/.m2/repository/org/webjars/bootstrap/3.2.0/bootstrap-3.2.0.jar
7f1792e8c000-7f1792e9d000 r--s 00105000 08:06 25297455                   /home/niko/.m2/repository/com/fasterxml/jackson/core/jackson-databind/2.5.0/jackson-databind-2.5.0.jar
7f1792e9d000-7f1792eaa000 r--s 0007b000 08:06 25297446                   /home/niko/.m2/repository/de/agilecoders/wicket/wicket-bootstrap-core/0.9.7/wicket-bootstrap-core-0.9.7.jar
7f1792eaa000-7f1792ed5000 r--s 001f5000 08:06 25167329                   /home/niko/.m2/repository/com/google/guava/guava/16.0.1/guava-16.0.1.jar
7f1792ed5000-7f1792ed8000 ---p 00000000 00:00 0 
7f1792ed8000-7f1792fd6000 rw-p 00000000 00:00 0                          [stack:1987]
7f1792fd6000-7f1792fd9000 ---p 00000000 00:00 0 
7f1792fd9000-7f17932d7000 rw-p 00000000 00:00 0                          [stack:1986]
7f17932d7000-7f17934d7000 rw-p 00000000 00:00 0 
7f17934d7000-7f17934e8000 r-xp 00000000 08:01 32122                      /usr/lib/jvm/java-8-oracle/jre/lib/amd64/libnio.so
7f17934e8000-7f17936e7000 ---p 00011000 08:01 32122                      /usr/lib/jvm/java-8-oracle/jre/lib/amd64/libnio.so
7f17936e7000-7f17936e8000 rw-p 00010000 08:01 32122                      /usr/lib/jvm/java-8-oracle/jre/lib/amd64/libnio.so
7f17936e8000-7f17939e9000 rw-p 00000000 00:00 0 
7f17939e9000-7f17939ff000 r-xp 00000000 08:01 32148                      /usr/lib/jvm/java-8-oracle/jre/lib/amd64/libnet.so
7f17939ff000-7f1793bff000 ---p 00016000 08:01 32148                      /usr/lib/jvm/java-8-oracle/jre/lib/amd64/libnet.so
7f1793bff000-7f1793c00000 rw-p 00016000 08:01 32148                      /usr/lib/jvm/java-8-oracle/jre/lib/amd64/libnet.so
7f1793c00000-7f1793e00000 rw-p 00000000 00:00 0 
7f1793e00000-7f1794000000 rw-p 00000000 00:00 0 
7f1794000000-7f1794021000 rw-p 00000000 00:00 0 
7f1794021000-7f1798000000 ---p 00000000 00:00 0 
7f1798000000-7f1798002000 r--s 00005000 08:06 25297461                   /home/niko/.m2/repository/org/webjars/modernizr/2.7.1/modernizr-2.7.1.jar
7f1798002000-7f1798006000 r--s 00035000 08:06 25297452                   /home/niko/.m2/repository/com/fasterxml/jackson/core/jackson-core/2.5.0/jackson-core-2.5.0.jar
7f1798006000-7f1798009000 r--s 00008000 08:06 25297449                   /home/niko/.m2/repository/de/agilecoders/wicket/jquery-selectors/0.1.3/jquery-selectors-0.1.3.jar
7f1798009000-7f179800a000 r--s 00002000 08:06 25297443                   /home/niko/.m2/repository/net/ftlines/wicket-source/wicket-source/6.0.0.8/wicket-source-6.0.0.8.jar
7f179800a000-7f179800d000 r--s 0000a000 08:06 25297440                   /home/niko/.m2/repository/org/apache/wicket/wicket-auth-roles/6.17.0/wicket-auth-roles-6.17.0.jar
7f179800d000-7f1798014000 r--s 0016e000 08:06 25297437                   /home/niko/.m2/repository/de/agilecoders/wicket/wicket-bootstrap-themes/0.9.7/wicket-bootstrap-themes-0.9.7.jar
7f1798014000-7f179801f000 r--s 000ba000 08:06 25297434                   /home/niko/.m2/repository/de/agilecoders/wicket/wicket-bootstrap-extensions/0.9.7/wicket-bootstrap-extensions-0.9.7.jar
7f179801f000-7f1798021000 r--s 0000a000 08:06 25297431                   /home/niko/.m2/repository/de/agilecoders/wicket/webjars/wicket-webjars/0.4.3/wicket-webjars-0.4.3.jar
7f1798021000-7f179802c000 r--s 0008d000 08:06 25297428                   /home/niko/.m2/repository/org/webjars/jquery-ui/1.10.4/jquery-ui-1.10.4.jar
7f179802c000-7f179802d000 r--s 0002b000 08:06 25297425                   /home/niko/.m2/repository/org/webjars/jquery/1.11.1/jquery-1.11.1.jar
7f179802d000-7f1798030000 r--s 00016000 08:06 25297422                   /home/niko/.m2/repository/org/webjars/select2/3.5.1/select2-3.5.1.jar
7f1798030000-7f1798032000 r--s 0000a000 08:06 25297419                   /home/niko/.m2/repository/org/json/json/20090211/json-20090211.jar
7f1798032000-7f1798035000 r--s 00021000 08:06 25297416                   /home/niko/.m2/repository/com/vaynberg/wicket/select2/wicket-select2/2.2.3/wicket-select2-2.2.3.jar
7f1798035000-7f1798037000 r--s 00004000 08:06 25297413                   /home/niko/.m2/repository/org/apache/wicket/wicket-ioc/6.17.0/wicket-ioc-6.17.0.jar
7f1798037000-7f1798039000 r--s 00003000 08:06 25297410                   /home/niko/.m2/repository/org/apache/wicket/wicket-guice/6.17.0/wicket-guice-6.17.0.jar
7f1798039000-7f179804b000 r--s 0013f000 08:06 25167592                   /home/niko/.m2/repository/org/apache/wicket/wicket-extensions/6.17.0/wicket-extensions-6.17.0.jar
7f179804b000-7f179804f000 r--s 00012000 08:06 25167589                   /home/niko/.m2/repository/org/apache/wicket/wicket-request/6.17.0/wicket-request-6.17.0.jar
7f179804f000-7f1798059000 r--s 0005e000 08:06 25167586                   /home/niko/.m2/repository/org/apache/wicket/wicket-util/6.17.0/wicket-util-6.17.0.jar
7f1798059000-7f179807e000 r--s 001ef000 08:06 25167583                   /home/niko/.m2/repository/org/apache/wicket/wicket-core/6.17.0/wicket-core-6.17.0.jar
7f179807e000-7f179807f000 r--s 00002000 08:06 25167580                   /home/niko/.m2/repository/org/apache/isis/viewer/isis-viewer-wicket-applib/1.8.0/isis-viewer-wicket-applib-1.8.0.jar
7f179807f000-7f1798083000 r--s 0001b000 08:06 25167577                   /home/niko/.m2/repository/org/apache/isis/viewer/isis-viewer-wicket-model/1.8.0/isis-viewer-wicket-model-1.8.0.jar
7f1798083000-7f179809b000 r--s 000ca000 08:06 25167574                   /home/niko/.m2/repository/org/apache/isis/viewer/isis-viewer-wicket-ui/1.8.0/isis-viewer-wicket-ui-1.8.0.jar
7f179809b000-7f179809d000 r--s 0000e000 08:06 25167571                   /home/niko/.m2/repository/org/apache/isis/viewer/isis-viewer-wicket-impl/1.8.0/isis-viewer-wicket-impl-1.8.0.jar
7f179809d000-7f17980a0000 r--s 0000a000 08:06 25167305                   /home/niko/.m2/repository/org/apache/geronimo/specs/geronimo-jcdi_1.0_spec/1.0/geronimo-jcdi_1.0_spec-1.0.jar
7f17980a0000-7f17980a4000 r--s 0000c000 08:06 25167302                   /home/niko/.m2/repository/javax/validation/validation-api/1.1.0.Final/validation-api-1.1.0.Final.jar
7f17980a4000-7f17980a5000 r--s 00002000 08:06 25167299                   /home/niko/.m2/repository/org/apache/geronimo/specs/geronimo-atinject_1.0_spec/1.0/geronimo-atinject_1.0_spec-1.0.jar
7f17980a5000-7f17980b4000 r--s 0007f000 08:06 25167296                   /home/niko/.m2/repository/joda-time/joda-time/2.3/joda-time-2.3.jar
7f17980b4000-7f17980c2000 r--s 00053000 08:06 25167293                   /home/niko/.m2/repository/org/apache/isis/core/isis-core-applib/1.8.0/isis-core-applib-1.8.0.jar
7f17980c2000-7f17980c4000 r--s 00007000 08:06 26346521                   /home/niko/.m2/repository/TarjetasMejorar/TarjetasMejorar-dom/1.0-SNAPSHOT/TarjetasMejorar-dom-1.0-SNAPSHOT.jar
7f17980c4000-7f17980cb000 r--s 00000000 08:01 643                        /usr/lib/x86_64-linux-gnu/gconv/gconv-modules.cache
7f17980cb000-7f17980f0000 r--p 00000000 08:01 6892                       /usr/share/locale/es/LC_MESSAGES/libc.mo
7f17980f0000-7f17980f2000 r--s 00003000 08:06 26345828                   /home/niko/.m2/repository/org/mortbay/jetty/start/6.1.26/start-6.1.26.jar
7f17980f2000-7f17980f3000 r--s 00002000 08:06 26345827                   /home/niko/.m2/repository/org/apache/geronimo/specs/geronimo-annotation_1.0_spec/1.0/geronimo-annotation_1.0_spec-1.0.jar
7f17980f3000-7f17980f5000 r--s 00002000 08:06 26345824                   /home/niko/.m2/repository/org/mortbay/jetty/jetty-annotations/6.1.26/jetty-annotations-6.1.26.jar
7f17980f5000-7f1798104000 r--s 000ee000 08:06 26214878                   /home/niko/.m2/repository/ant/ant/1.6.5/ant-1.6.5.jar
7f1798104000-7f1798112000 r--s 0018b000 08:06 26345822                   /home/niko/.m2/repository/org/eclipse/jdt/core/compiler/ecj/3.5.1/ecj-3.5.1.jar
7f1798112000-7f1798123000 r--s 000ea000 08:06 26345821                   /home/niko/.m2/repository/org/mortbay/jetty/jsp-2.1-glassfish/2.1.v20091210/jsp-2.1-glassfish-2.1.v20091210.jar
7f1798123000-7f1798127000 r--s 0001e000 08:06 26345820                   /home/niko/.m2/repository/org/mortbay/jetty/jsp-api-2.1-glassfish/2.1.v20091210/jsp-api-2.1-glassfish-2.1.v20091210.jar
7f1798127000-7f179814a000 r--s 00344000 08:06 26345817                   /home/niko/.m2/repository/org/eclipse/jdt/core/3.1.1/core-3.1.1.jar
7f179814a000-7f179814c000 r--s 00000000 08:06 26345815                   /home/niko/.m2/repository/org/mortbay/jetty/jsp-2.1-jetty/6.1.26/jsp-2.1-jetty-6.1.26.jar
7f179814c000-7f179814e000 r--s 00007000 08:06 26345812                   /home/niko/.m2/repository/org/mortbay/jetty/jetty-management/6.1.26/jetty-management-6.1.26.jar
7f179814e000-7f1798150000 r--s 0000e000 08:06 26345811                   /home/niko/.m2/repository/javax/activation/activation/1.1/activation-1.1.jar
7f1798150000-7f1798156000 r--s 00059000 08:06 26345807                   /home/niko/.m2/repository/javax/mail/mail/1.4/mail-1.4.jar
7f1798156000-7f1798157000 r--s 00006000 08:06 26345808                   /home/niko/.m2/repository/org/mortbay/jetty/jetty-naming/6.1.26/jetty-naming-6.1.26.jar
7f1798157000-7f1798159000 r--s 00002000 08:06 26345801                   /home/niko/.m2/repository/geronimo-spec/geronimo-spec-jta/1.0.1B-rc4/geronimo-spec-jta-1.0.1B-rc4.jar
7f1798159000-7f179815b000 r--s 0000d000 08:06 26345804                   /home/niko/.m2/repository/org/mortbay/jetty/jetty-plus/6.1.26/jetty-plus-6.1.26.jar
7f179815b000-7f179815d000 r--s 00004000 08:06 26345803                   /home/niko/.m2/repository/org/apache/maven/maven-plugin-tools-api/2.0/maven-plugin-tools-api-2.0.jar
7f179815d000-7f1798160000 r--s 00027000 08:06 26345802                   /home/niko/.m2/repository/org/codehaus/plexus/plexus-utils/1.1/plexus-utils-1.1.jar
7f1798160000-7f1798162000 r--s 0001f000 08:06 26345800                   /home/niko/.m2/repository/org/mortbay/jetty/servlet-api/2.5-20081211/servlet-api-2.5-20081211.jar
7f1798162000-7f1798166000 r--s 00028000 08:06 25297545                   /home/niko/.m2/repository/org/mortbay/jetty/jetty-util/6.1.26/jetty-util-6.1.26.jar
7f1798166000-7f179816d000 r--s 0007d000 08:06 25297542                   /home/niko/.m2/repository/org/mortbay/jetty/jetty/6.1.26/jetty-6.1.26.jar
7f179816d000-7f179816f000 r--s 0000a000 08:06 25166349                   /home/niko/.m2/repository/org/mortbay/jetty/maven-jetty-plugin/6.1.26/maven-jetty-plugin-6.1.26.jar
7f179816f000-7f1798172000 r--s 0001b000 08:06 25166481                   /home/niko/.m2/repository/junit/junit/3.8.2/junit-3.8.2.jar
7f1798172000-7f1798180000 r--s 0008f000 08:06 25167031                   /home/niko/.m2/repository/com/google/collections/google-collections/1.0/google-collections-1.0.jar
7f1798180000-7f1798181000 r--s 0000a000 08:06 25167028                   /home/niko/.m2/repository/commons-logging/commons-logging-api/1.1/commons-logging-api-1.1.jar
7f1798181000-7f1798188000 r--s 00051000 08:06 25167025                   /home/niko/.m2/repository/log4j/log4j/1.2.12/log4j-1.2.12.jar
7f1798188000-7f179818c000 r--s 0001d000 08:06 25167022                   /home/niko/.m2/repository/org/apache/xbean/xbean-reflect/3.4/xbean-reflect-3.4.jar
7f179818c000-7f179818d000 r--s 00004000 08:06 25167019                   /home/niko/.m2/repository/org/codehaus/plexus/plexus-compiler-javac/2.2/plexus-compiler-javac-2.2.jar
7f179818d000-7f179818f000 r--s 00000000 08:06 25167016                   /home/niko/.m2/repository/org/codehaus/plexus/plexus-compiler-manager/2.2/plexus-compiler-manager-2.2.jar
7f179818f000-7f1798191000 r--s 00005000 08:06 25167013                   /home/niko/.m2/repository/org/codehaus/plexus/plexus-compiler-api/2.2/plexus-compiler-api-2.2.jar
7f1798191000-7f1798193000 r--s 00000000 08:06 25167010                   /home/niko/.m2/repository/org/codehaus/plexus/plexus-component-annotations/1.5.5/plexus-component-annotations-1.5.5.jar
7f1798193000-7f1798195000 r--s 00002000 08:06 25167007                   /home/niko/.m2/repository/org/apache/maven/shared/maven-shared-incremental/1.1/maven-shared-incremental-1.1.jar
7f1798195000-7f1798197000 r--s 00006000 08:06 25167004                   /home/niko/.m2/repository/com/google/code/findbugs/jsr305/2.0.1/jsr305-2.0.1.jar
7f1798197000-7f179819a000 r--s 00023000 08:06 25167001                   /home/niko/.m2/repository/org/apache/maven/shared/maven-shared-utils/0.1/maven-shared-utils-0.1.jar
7f179819a000-7f179819e000 r--s 00030000 08:06 25166998                   /home/niko/.m2/repository/org/codehaus/plexus/plexus-utils/1.5.1/plexus-utils-1.5.1.jar
7f179819e000-7f17981a0000 r--s 00009000 08:06 25035920                   /home/niko/.m2/repository/org/apache/maven/plugins/maven-compiler-plugin/3.1/maven-compiler-plugin-3.1.jar
7f17981a0000-7f17981a2000 r--s 0000d000 08:06 25166321                   /home/niko/.m2/repository/org/codehaus/plexus/plexus-interpolation/1.13/plexus-interpolation-1.13.jar
7f17981a2000-7f17981a3000 r--s 00001000 08:06 25166318                   /home/niko/.m2/repository/org/sonatype/plexus/plexus-build-api/0.0.4/plexus-build-api-0.0.4.jar
7f17981a3000-7f17981a5000 r--s 00009000 08:06 25166315                   /home/niko/.m2/repository/org/apache/maven/shared/maven-filtering/1.1/maven-filtering-1.1.jar
7f17981a5000-7f17981a9000 r--s 00033000 08:06 25166312                   /home/niko/.m2/repository/org/codehaus/plexus/plexus-utils/2.0.5/plexus-utils-2.0.5.jar
7f17981a9000-7f17981ac000 r--s 0001b000 08:06 25166192                   /home/niko/.m2/repository/junit/junit/3.8.1/junit-3.8.1.jar
7f17981ac000-7f17981ae000 r--s 00006000 08:06 25035754                   /home/niko/.m2/repository/org/apache/maven/plugins/maven-resources-plugin/2.6/maven-resources-plugin-2.6.jar
7f17981ae000-7f17981b3000 r--s 00040000 08:06 26083589                   /home/niko/.m2/repository/org/beanshell/bsh/2.0b4/bsh-2.0b4.jar
7f17981b3000-7f17981b8000 r--s 0003d000 08:06 25167825                   /home/niko/.m2/repository/org/codehaus/plexus/plexus-utils/1.5.8/plexus-utils-1.5.8.jar
7f17981b8000-7f17981ba000 r--s 00002000 08:06 25166309                   /home/niko/.m2/repository/org/codehaus/plexus/plexus-interactivity-api/1.0-alpha-4/plexus-interactivity-api-1.0-alpha-4.jar
7f17981ba000-7f17981bc000 r--s 00006000 08:06 25166306                   /home/niko/.m2/repository/commons-cli/commons-cli/1.0/commons-cli-1.0.jar
7f17981bc000-7f17981bd000 r--s 00001000 08:06 25166303                   /home/niko/.m2/repository/org/apache/maven/doxia/doxia-sink-api/1.0-alpha-7/doxia-sink-api-1.0-alpha-7.jar
7f17981bd000-7f17981be000 r--s 00002000 08:06 25166300                   /home/niko/.m2/repository/org/apache/maven/reporting/maven-reporting-api/2.0.6/maven-reporting-api-2.0.6.jar
7f17981be000-7f17981c0000 r--s 00009000 08:06 25167372                   /home/niko/.m2/repository/org/codehaus/mojo/build-helper-maven-plugin/1.8/build-helper-maven-plugin-1.8.jar
7f17981c0000-7f17981c5000 r--s 00094000 08:01 32099                      /usr/lib/jvm/java-8-oracle/jre/lib/jsse.jar
7f17981c5000-7f17983c5000 rw-p 00000000 00:00 0 
7f17983c5000-7f17983c6000 r--s 00003000 08:01 442358                     /usr/share/maven-repo/org/sonatype/aether/aether-spi/1.13.1/aether-spi-1.13.1.jar
7f17983c6000-7f17983cb000 r--s 00044000 08:01 290474                     /usr/share/java/commons-httpclient-3.1.jar
7f17983cb000-7f17983d6000 r--s 00116000 08:01 32241                      /usr/lib/jvm/java-8-oracle/jre/lib/ext/localedata.jar
7f17983d6000-7f17983f2000 r--s 00393000 08:01 32243                      /usr/lib/jvm/java-8-oracle/jre/lib/ext/cldrdata.jar
7f17983f2000-7f17983f9000 r--s 00040000 08:01 290711                     /usr/share/java/sisu-inject-bean.jar
7f17983f9000-7f17983ff000 r--s 0003e000 08:01 290877                     /usr/share/java/maven3-compat-3.0.5.jar
7f17983ff000-7f1798400000 r--s 0000d000 08:01 290162                     /usr/share/java/commons-logging-1.2.jar
7f1798400000-7f1798402000 r--s 00006000 08:01 528790                     /usr/share/maven-repo/org/sonatype/aether/aether-connector-wagon/1.13.1/aether-connector-wagon-1.13.1.jar
7f1798402000-7f1798404000 r--s 00007000 08:01 290303                     /usr/share/java/commons-cli-1.2.jar
7f1798404000-7f1798406000 r--s 00009000 08:01 290876                     /usr/share/java/maven3-plugin-api-3.0.5.jar
7f1798406000-7f1798408000 r--s 00009000 08:01 290883                     /usr/share/java/maven3-settings-3.0.5.jar
7f1798408000-7f1798414000 r--s 0007c000 08:01 290880                     /usr/share/java/maven3-core-3.0.5.jar
7f1798414000-7f1798442000 r--s 001d5000 08:01 290847                     /usr/share/java/wagon-http-shaded-2.x.jar
7f1798442000-7f179846d000 r--s 001f8000 08:01 290314                     /usr/share/java/guava.jar
7f179846d000-7f179846e000 ---p 00000000 00:00 0 
7f179846e000-7f179856e000 rw-p 00000000 00:00 0                          [stack:1985]
7f179856e000-7f1798571000 ---p 00000000 00:00 0 
7f1798571000-7f179866f000 rw-p 00000000 00:00 0                          [stack:1984]
7f179866f000-7f1798672000 ---p 00000000 00:00 0 
7f1798672000-7f1798770000 rw-p 00000000 00:00 0                          [stack:1983]
7f1798770000-7f1798773000 ---p 00000000 00:00 0 
7f1798773000-7f1798871000 rw-p 00000000 00:00 0                          [stack:1982]
7f1798871000-7f1798874000 ---p 00000000 00:00 0 
7f1798874000-7f1798972000 rw-p 00000000 00:00 0                          [stack:1981]
7f1798972000-7f1798afb000 r--p 00000000 08:01 4208                       /usr/lib/locale/locale-archive
7f1798afb000-7f1798afe000 ---p 00000000 00:00 0 
7f1798afe000-7f1798bfc000 rw-p 00000000 00:00 0                          [stack:1980]
7f1798bfc000-7f1798bff000 ---p 00000000 00:00 0 
7f1798bff000-7f1798cfd000 rw-p 00000000 00:00 0                          [stack:1979]
7f1798cfd000-7f1798cfe000 ---p 00000000 00:00 0 
7f1798cfe000-7f1799000000 rw-p 00000000 00:00 0                          [stack:1978]
7f1799000000-7f17999a0000 rwxp 00000000 00:00 0 
7f17999a0000-7f17a8000000 ---p 00000000 00:00 0 
7f17a8000000-7f17a91dc000 rw-p 00000000 00:00 0 
7f17a91dc000-7f17ac000000 ---p 00000000 00:00 0 
7f17ac000000-7f17ac002000 r--s 0000e000 08:01 290346                     /usr/share/java/plexus-interpolation.jar
7f17ac002000-7f17ac003000 r--s 00001000 08:01 290845                     /usr/share/java/wagon-file-2.x.jar
7f17ac003000-7f17ac006000 r--s 00013000 08:01 528819                     /usr/share/maven-repo/org/sonatype/aether/aether-api/1.13.1/aether-api-1.13.1.jar
7f17ac006000-7f17ac008000 r--s 00025000 08:01 290886                     /usr/share/java/maven3-model-3.0.5.jar
7f17ac008000-7f17ac00e000 r--s 0002c000 08:01 290702                     /usr/share/java/sisu-inject-plexus.jar
7f17ac00e000-7f17ac010000 r--s 0000b000 08:01 290884                     /usr/share/java/maven3-aether-provider-3.0.5.jar
7f17ac010000-7f17ac012000 r--s 00002000 08:01 290468                     /usr/share/java/plexus-cipher.jar
7f17ac012000-7f17ac013000 r--s 00006000 08:01 290471                     /usr/share/java/plexus-sec-dispatcher.jar
7f17ac013000-7f17ac015000 r--s 00005000 08:01 290885                     /usr/share/java/maven3-repository-metadata-3.0.5.jar
7f17ac015000-7f17ac017000 r--s 0000a000 08:01 290854                     /usr/share/java/wagon-provider-api-2.x.jar
7f17ac017000-7f17ac01a000 r--s 0001d000 08:01 528803                     /usr/share/maven-repo/org/sonatype/aether/aether-impl/1.13.1/aether-impl-1.13.1.jar
7f17ac01a000-7f17ac01e000 r--s 00020000 08:01 290878                     /usr/share/java/maven3-model-builder-3.0.5.jar
7f17ac01e000-7f17ac020000 r--s 00000000 08:01 290670                     /usr/share/java/plexus-component-annotations-1.5-1.5.5.jar
7f17ac020000-7f17ac022000 r--s 00008000 08:01 290882                     /usr/share/java/maven3-embedder-3.0.5.jar
7f17ac022000-7f17ac024000 r--s 0000a000 08:01 290881                     /usr/share/java/maven3-artifact-3.0.5.jar
7f17ac024000-7f17ac02b000 r--s 0003b000 08:01 290329                     /usr/share/java/commons-codec-1.9.jar
7f17ac02b000-7f17ac038000 r--s 0008f000 08:01 290691                     /usr/share/java/sisu-guice.jar
7f17ac038000-7f17ac7a2000 rw-p 00000000 00:00 0 
7f17ac7a2000-7f17ac97b000 r--s 03d09000 08:01 32101                      /usr/lib/jvm/java-8-oracle/jre/lib/rt.jar
7f17ac97b000-7f17ad3a0000 rw-p 00000000 00:00 0 
7f17ad3a0000-7f17ad3a1000 ---p 00000000 00:00 0 
7f17ad3a1000-7f17ad4a1000 rw-p 00000000 00:00 0                          [stack:1977]
7f17ad4a1000-7f17ad4a2000 ---p 00000000 00:00 0 
7f17ad4a2000-7f17ad5b6000 rw-p 00000000 00:00 0                          [stack:1976]
7f17ad5b6000-7f17ad6c2000 ---p 00000000 00:00 0 
7f17ad6c2000-7f17ad6d6000 rw-p 00000000 00:00 0 
7f17ad6d6000-7f17ad7e1000 ---p 00000000 00:00 0 
7f17ad7e1000-7f17ad844000 rw-p 00000000 00:00 0 
7f17ad844000-7f17ad871000 ---p 00000000 00:00 0 
7f17ad871000-7f17ad899000 rw-p 00000000 00:00 0 
7f17ad899000-7f17adc32000 ---p 00000000 00:00 0 
7f17adc32000-7f17adc4c000 r-xp 00000000 08:01 32127                      /usr/lib/jvm/java-8-oracle/jre/lib/amd64/libzip.so
7f17adc4c000-7f17ade4c000 ---p 0001a000 08:01 32127                      /usr/lib/jvm/java-8-oracle/jre/lib/amd64/libzip.so
7f17ade4c000-7f17ade4d000 rw-p 0001a000 08:01 32127                      /usr/lib/jvm/java-8-oracle/jre/lib/amd64/libzip.so
7f17ade4d000-7f17ade58000 r-xp 00000000 08:01 260620                     /lib/x86_64-linux-gnu/libnss_files-2.19.so
7f17ade58000-7f17ae057000 ---p 0000b000 08:01 260620                     /lib/x86_64-linux-gnu/libnss_files-2.19.so
7f17ae057000-7f17ae058000 r--p 0000a000 08:01 260620                     /lib/x86_64-linux-gnu/libnss_files-2.19.so
7f17ae058000-7f17ae059000 rw-p 0000b000 08:01 260620                     /lib/x86_64-linux-gnu/libnss_files-2.19.so
7f17ae059000-7f17ae063000 r-xp 00000000 08:01 260621                     /lib/x86_64-linux-gnu/libnss_nis-2.19.so
7f17ae063000-7f17ae262000 ---p 0000a000 08:01 260621                     /lib/x86_64-linux-gnu/libnss_nis-2.19.so
7f17ae262000-7f17ae263000 r--p 00009000 08:01 260621                     /lib/x86_64-linux-gnu/libnss_nis-2.19.so
7f17ae263000-7f17ae264000 rw-p 0000a000 08:01 260621                     /lib/x86_64-linux-gnu/libnss_nis-2.19.so
7f17ae264000-7f17ae279000 r-xp 00000000 08:01 260637                     /lib/x86_64-linux-gnu/libnsl-2.19.so
7f17ae279000-7f17ae478000 ---p 00015000 08:01 260637                     /lib/x86_64-linux-gnu/libnsl-2.19.so
7f17ae478000-7f17ae479000 r--p 00014000 08:01 260637                     /lib/x86_64-linux-gnu/libnsl-2.19.so
7f17ae479000-7f17ae47a000 rw-p 00015000 08:01 260637                     /lib/x86_64-linux-gnu/libnsl-2.19.so
7f17ae47a000-7f17ae47c000 rw-p 00000000 00:00 0 
7f17ae47c000-7f17ae483000 r-xp 00000000 08:01 260629                     /lib/x86_64-linux-gnu/libnss_compat-2.19.so
7f17ae483000-7f17ae682000 ---p 00007000 08:01 260629                     /lib/x86_64-linux-gnu/libnss_compat-2.19.so
7f17ae682000-7f17ae683000 r--p 00006000 08:01 260629                     /lib/x86_64-linux-gnu/libnss_compat-2.19.so
7f17ae683000-7f17ae684000 rw-p 00007000 08:01 260629                     /lib/x86_64-linux-gnu/libnss_compat-2.19.so
7f17ae684000-7f17ae6ae000 r-xp 00000000 08:01 32120                      /usr/lib/jvm/java-8-oracle/jre/lib/amd64/libjava.so
7f17ae6ae000-7f17ae8ae000 ---p 0002a000 08:01 32120                      /usr/lib/jvm/java-8-oracle/jre/lib/amd64/libjava.so
7f17ae8ae000-7f17ae8b0000 rw-p 0002a000 08:01 32120                      /usr/lib/jvm/java-8-oracle/jre/lib/amd64/libjava.so
7f17ae8b0000-7f17ae8bd000 r-xp 00000000 08:01 32162                      /usr/lib/jvm/java-8-oracle/jre/lib/amd64/libverify.so
7f17ae8bd000-7f17aeabd000 ---p 0000d000 08:01 32162                      /usr/lib/jvm/java-8-oracle/jre/lib/amd64/libverify.so
7f17aeabd000-7f17aeabf000 rw-p 0000d000 08:01 32162                      /usr/lib/jvm/java-8-oracle/jre/lib/amd64/libverify.so
7f17aeabf000-7f17aeac6000 r-xp 00000000 08:01 260627                     /lib/x86_64-linux-gnu/librt-2.19.so
7f17aeac6000-7f17aecc5000 ---p 00007000 08:01 260627                     /lib/x86_64-linux-gnu/librt-2.19.so
7f17aecc5000-7f17aecc6000 r--p 00006000 08:01 260627                     /lib/x86_64-linux-gnu/librt-2.19.so
7f17aecc6000-7f17aecc7000 rw-p 00007000 08:01 260627                     /lib/x86_64-linux-gnu/librt-2.19.so
7f17aecc7000-7f17aedc7000 r-xp 00000000 08:01 260632                     /lib/x86_64-linux-gnu/libm-2.19.so
7f17aedc7000-7f17aefc6000 ---p 00100000 08:01 260632                     /lib/x86_64-linux-gnu/libm-2.19.so
7f17aefc6000-7f17aefc7000 r--p 000ff000 08:01 260632                     /lib/x86_64-linux-gnu/libm-2.19.so
7f17aefc7000-7f17aefc8000 rw-p 00100000 08:01 260632                     /lib/x86_64-linux-gnu/libm-2.19.so
7f17aefc8000-7f17afc76000 r-xp 00000000 08:01 32168                      /usr/lib/jvm/java-8-oracle/jre/lib/amd64/server/libjvm.so
7f17afc76000-7f17afe75000 ---p 00cae000 08:01 32168                      /usr/lib/jvm/java-8-oracle/jre/lib/amd64/server/libjvm.so
7f17afe75000-7f17aff4c000 rw-p 00cad000 08:01 32168                      /usr/lib/jvm/java-8-oracle/jre/lib/amd64/server/libjvm.so
7f17aff4c000-7f17aff90000 rw-p 00000000 00:00 0 
7f17aff90000-7f17b012f000 r-xp 00000000 08:01 260633                     /lib/x86_64-linux-gnu/libc-2.19.so
7f17b012f000-7f17b032f000 ---p 0019f000 08:01 260633                     /lib/x86_64-linux-gnu/libc-2.19.so
7f17b032f000-7f17b0333000 r--p 0019f000 08:01 260633                     /lib/x86_64-linux-gnu/libc-2.19.so
7f17b0333000-7f17b0335000 rw-p 001a3000 08:01 260633                     /lib/x86_64-linux-gnu/libc-2.19.so
7f17b0335000-7f17b0339000 rw-p 00000000 00:00 0 
7f17b0339000-7f17b033c000 r-xp 00000000 08:01 260618                     /lib/x86_64-linux-gnu/libdl-2.19.so
7f17b033c000-7f17b053b000 ---p 00003000 08:01 260618                     /lib/x86_64-linux-gnu/libdl-2.19.so
7f17b053b000-7f17b053c000 r--p 00002000 08:01 260618                     /lib/x86_64-linux-gnu/libdl-2.19.so
7f17b053c000-7f17b053d000 rw-p 00003000 08:01 260618                     /lib/x86_64-linux-gnu/libdl-2.19.so
7f17b053d000-7f17b0552000 r-xp 00000000 08:01 442520                     /usr/lib/jvm/java-8-oracle/lib/amd64/jli/libjli.so
7f17b0552000-7f17b0752000 ---p 00015000 08:01 442520                     /usr/lib/jvm/java-8-oracle/lib/amd64/jli/libjli.so
7f17b0752000-7f17b0753000 rw-p 00015000 08:01 442520                     /usr/lib/jvm/java-8-oracle/lib/amd64/jli/libjli.so
7f17b0753000-7f17b076b000 r-xp 00000000 08:01 260626                     /lib/x86_64-linux-gnu/libpthread-2.19.so
7f17b076b000-7f17b096a000 ---p 00018000 08:01 260626                     /lib/x86_64-linux-gnu/libpthread-2.19.so
7f17b096a000-7f17b096b000 r--p 00017000 08:01 260626                     /lib/x86_64-linux-gnu/libpthread-2.19.so
7f17b096b000-7f17b096c000 rw-p 00018000 08:01 260626                     /lib/x86_64-linux-gnu/libpthread-2.19.so
7f17b096c000-7f17b0970000 rw-p 00000000 00:00 0 
7f17b0970000-7f17b0990000 r-xp 00000000 08:01 260616                     /lib/x86_64-linux-gnu/ld-2.19.so
7f17b0990000-7f17b0a73000 rw-p 00000000 00:00 0 
7f17b0a73000-7f17b0a76000 ---p 00000000 00:00 0 
7f17b0a76000-7f17b0b78000 rw-p 00000000 00:00 0                          [stack:1975]
7f17b0b78000-7f17b0b7c000 r--s 00037000 08:01 290662                     /usr/share/java/plexus-utils2-3.0.15.jar
7f17b0b7c000-7f17b0b7e000 r--s 00007000 08:01 290879                     /usr/share/java/maven3-settings-builder-3.0.5.jar
7f17b0b7e000-7f17b0b82000 r--s 0001c000 08:01 528796                     /usr/share/maven-repo/org/sonatype/aether/aether-util/1.13.1/aether-util-1.13.1.jar
7f17b0b82000-7f17b0b84000 r--s 0000a000 08:01 290280                     /usr/share/java/plexus-classworlds2-2.5.2.jar
7f17b0b84000-7f17b0b8c000 rw-s 00000000 08:01 295006                     /tmp/hsperfdata_niko/1957
7f17b0b8c000-7f17b0b8d000 rw-p 00000000 00:00 0 
7f17b0b8d000-7f17b0b8e000 r--p 00000000 00:00 0 
7f17b0b8e000-7f17b0b90000 rw-p 00000000 00:00 0 
7f17b0b90000-7f17b0b91000 r--p 00020000 08:01 260616                     /lib/x86_64-linux-gnu/ld-2.19.so
7f17b0b91000-7f17b0b92000 rw-p 00021000 08:01 260616                     /lib/x86_64-linux-gnu/ld-2.19.so
7f17b0b92000-7f17b0b93000 rw-p 00000000 00:00 0 
7ffc3ab17000-7ffc3ab38000 rw-p 00000000 00:00 0                          [stack]
7ffc3abcb000-7ffc3abcd000 r-xp 00000000 00:00 0                          [vdso]
7ffc3abcd000-7ffc3abcf000 r--p 00000000 00:00 0                          [vvar]
ffffffffff600000-ffffffffff601000 r-xp 00000000 00:00 0                  [vsyscall]

VM Arguments:
jvm_args: -Dclassworlds.conf=/usr/share/maven/bin/m2.conf -Dmaven.home=/usr/share/maven 
java_command: org.codehaus.plexus.classworlds.launcher.Launcher jetty:run
java_class_path (initial): /usr/share/maven/boot/plexus-classworlds-2.x.jar
Launcher Type: SUN_STANDARD

Environment Variables:
JAVA_HOME=/usr/lib/jvm/java-8-oracle
PATH=/usr/local/bin:/usr/bin:/bin:/usr/local/games:/usr/games:/home/niko/apache-maven-3.3.3/bin
SHELL=/bin/bash
DISPLAY=:0.0

Signal Handlers:
SIGSEGV: [libjvm.so+0xaad1e0], sa_mask[0]=11111111011111111101111111111110, sa_flags=SA_RESTART|SA_SIGINFO
SIGBUS: [libjvm.so+0xaad1e0], sa_mask[0]=11111111011111111101111111111110, sa_flags=SA_RESTART|SA_SIGINFO
SIGFPE: [libjvm.so+0x90b450], sa_mask[0]=11111111011111111101111111111110, sa_flags=SA_RESTART|SA_SIGINFO
SIGPIPE: [libjvm.so+0x90b450], sa_mask[0]=11111111011111111101111111111110, sa_flags=SA_RESTART|SA_SIGINFO
SIGXFSZ: [libjvm.so+0x90b450], sa_mask[0]=11111111011111111101111111111110, sa_flags=SA_RESTART|SA_SIGINFO
SIGILL: [libjvm.so+0x90b450], sa_mask[0]=11111111011111111101111111111110, sa_flags=SA_RESTART|SA_SIGINFO
SIGUSR1: SIG_DFL, sa_mask[0]=00000000000000000000000000000000, sa_flags=none
SIGUSR2: [libjvm.so+0x90ca90], sa_mask[0]=00000000000000000000000000000000, sa_flags=SA_RESTART|SA_SIGINFO
SIGHUP: [libjvm.so+0x90dde0], sa_mask[0]=11111111011111111101111111111110, sa_flags=SA_RESTART|SA_SIGINFO
SIGINT: [libjvm.so+0x90dde0], sa_mask[0]=11111111011111111101111111111110, sa_flags=SA_RESTART|SA_SIGINFO
SIGTERM: [libjvm.so+0x90dde0], sa_mask[0]=11111111011111111101111111111110, sa_flags=SA_RESTART|SA_SIGINFO
SIGQUIT: [libjvm.so+0x90dde0], sa_mask[0]=11111111011111111101111111111110, sa_flags=SA_RESTART|SA_SIGINFO


---------------  S Y S T E M  ---------------

OS:PRETTY_NAME="Debian GNU/Linux 8 (jessie)"
NAME="Debian GNU/Linux"
VERSION_ID="8"
VERSION="8 (jessie)"
ID=debian
HOME_URL="http://www.debian.org/"
SUPPORT_URL="http://www.debian.org/support/"
BUG_REPORT_URL="https://bugs.debian.org/"

uname:Linux 3.16.0-4-amd64 #1 SMP Debian 3.16.7-ckt9-2 (2015-04-13) x86_64
libc:glibc 2.19 NPTL 2.19 
rlimit: STACK 8192k, CORE 0k, NPROC 13691, NOFILE 65536, AS infinity
load average:0,77 1,05 0,69

/proc/meminfo:
MemTotal:        3522564 kB
MemFree:         1637920 kB
MemAvailable:    2346960 kB
Buffers:          117580 kB
Cached:           767588 kB
SwapCached:            0 kB
Active:          1262208 kB
Inactive:         448304 kB
Active(anon):     832896 kB
Inactive(anon):    37500 kB
Active(file):     429312 kB
Inactive(file):   410804 kB
Unevictable:          32 kB
Mlocked:              32 kB
SwapTotal:       7295996 kB
SwapFree:        7295996 kB
Dirty:               168 kB
Writeback:             0 kB
AnonPages:        825532 kB
Mapped:           264136 kB
Shmem:             44960 kB
Slab:             103180 kB
SReclaimable:      75700 kB
SUnreclaim:        27480 kB
KernelStack:        5728 kB
PageTables:        23912 kB
NFS_Unstable:          0 kB
Bounce:                0 kB
WritebackTmp:          0 kB
CommitLimit:     9057276 kB
Committed_AS:    3489092 kB
VmallocTotal:   34359738367 kB
VmallocUsed:      289224 kB
VmallocChunk:   34359445632 kB
HardwareCorrupted:     0 kB
AnonHugePages:         0 kB
HugePages_Total:       0
HugePages_Free:        0
HugePages_Rsvd:        0
HugePages_Surp:        0
Hugepagesize:       2048 kB
DirectMap4k:       55436 kB
DirectMap2M:     2545664 kB
DirectMap1G:     1048576 kB


CPU:total 2 (2 cores per cpu, 1 threads per core) family 20 model 2 stepping 0, cmov, cx8, fxsr, mmx, sse, sse2, sse3, ssse3, popcnt, mmxext, lzcnt, sse4a, tsc, tscinvbit, tscinv

/proc/cpuinfo:
processor	: 0
vendor_id	: AuthenticAMD
cpu family	: 20
model		: 2
model name	: AMD E-450 APU with Radeon(tm) HD Graphics
stepping	: 0
microcode	: 0x5000101
cpu MHz		: 1650.000
cache size	: 512 KB
physical id	: 0
siblings	: 2
core id		: 0
cpu cores	: 2
apicid		: 0
initial apicid	: 0
fpu		: yes
fpu_exception	: yes
cpuid level	: 6
wp		: yes
flags		: fpu vme de pse tsc msr pae mce cx8 apic sep mtrr pge mca cmov pat pse36 clflush mmx fxsr sse sse2 ht syscall nx mmxext fxsr_opt pdpe1gb rdtscp lm constant_tsc rep_good nopl nonstop_tsc extd_apicid aperfmperf pni monitor ssse3 cx16 popcnt lahf_lm cmp_legacy svm extapic cr8_legacy abm sse4a misalignsse 3dnowprefetch ibs skinit wdt arat hw_pstate npt lbrv svm_lock nrip_save pausefilter vmmcall
bogomips	: 3293.09
TLB size	: 1024 4K pages
clflush size	: 64
cache_alignment	: 64
address sizes	: 36 bits physical, 48 bits virtual
power management: ts ttp tm stc 100mhzsteps hwpstate

processor	: 1
vendor_id	: AuthenticAMD
cpu family	: 20
model		: 2
model name	: AMD E-450 APU with Radeon(tm) HD Graphics
stepping	: 0
microcode	: 0x5000101
cpu MHz		: 1650.000
cache size	: 512 KB
physical id	: 0
siblings	: 2
core id		: 1
cpu cores	: 2
apicid		: 1
initial apicid	: 1
fpu		: yes
fpu_exception	: yes
cpuid level	: 6
wp		: yes
flags		: fpu vme de pse tsc msr pae mce cx8 apic sep mtrr pge mca cmov pat pse36 clflush mmx fxsr sse sse2 ht syscall nx mmxext fxsr_opt pdpe1gb rdtscp lm constant_tsc rep_good nopl nonstop_tsc extd_apicid aperfmperf pni monitor ssse3 cx16 popcnt lahf_lm cmp_legacy svm extapic cr8_legacy abm sse4a misalignsse 3dnowprefetch ibs skinit wdt arat hw_pstate npt lbrv svm_lock nrip_save pausefilter vmmcall
bogomips	: 3293.09
TLB size	: 1024 4K pages
clflush size	: 64
cache_alignment	: 64
address sizes	: 36 bits physical, 48 bits virtual
power management: ts ttp tm stc 100mhzsteps hwpstate



Memory: 4k page, physical 3522564k(1637920k free), swap 7295996k(7295996k free)

vm_info: Java HotSpot(TM) 64-Bit Server VM (25.45-b02) for linux-amd64 JRE (1.8.0_45-b14), built on Apr 10 2015 10:07:45 by "java_re" with gcc 4.3.0 20080428 (Red Hat 4.3.0-8)

time: Sat Aug 22 15:50:58 2015
elapsed time: 13 seconds (0d 0h 0m 13s)

